2021-01-26 03:14:42 000815c15c13f9fa0cdd0676887b60c1 Сапоги женские РОКС ЭВА арт. С310 (размер 39) WARNING! No href founded in  Try next image
2021-01-26 03:14:42 000815c15c13f9fa0cdd0676887b60c1 Сапоги женские РОКС ЭВА арт. С310 (размер 39) WARNING! No href founded in  Try next image
2021-01-26 03:14:42 000815c15c13f9fa0cdd0676887b60c1 Сапоги женские РОКС ЭВА арт. С310 (размер 39) WARNING! No href founded in  Try next image
2021-01-26 03:14:42 000815c15c13f9fa0cdd0676887b60c1 Сапоги женские РОКС ЭВА арт. С310 (размер 39) WARNING! No href founded in  Try next image
2021-01-26 03:14:42 000815c15c13f9fa0cdd0676887b60c1 Сапоги женские РОКС ЭВА арт. С310 (размер 39) WARNING! No href founded in  Try next image
2021-01-26 03:14:42 000815c15c13f9fa0cdd0676887b60c1 Сапоги женские РОКС ЭВА арт. С310 (размер 39) WARNING! No href founded in  Try next image
2021-01-26 03:14:42 000815c15c13f9fa0cdd0676887b60c1 Сапоги женские РОКС ЭВА арт. С310 (размер 39) WARNING! No href founded in  Try next image
2021-01-26 03:14:42 000815c15c13f9fa0cdd0676887b60c1 Сапоги женские РОКС ЭВА арт. С310 (размер 39) WARNING! No href founded in  Try next image
2021-01-26 03:14:42 000815c15c13f9fa0cdd0676887b60c1 Сапоги женские РОКС ЭВА арт. С310 (размер 39) WARNING! No Image founded for query Сапоги женские РОКС ЭВА арт. С310 (размер 39)
2021-01-26 03:14:43 0009962819162f681d61d95b07c159a7 Термобелье NordKapp Tapio арт. 565B (размер M) WARNING! No href founded in  Try next image
2021-01-26 03:14:43 0009962819162f681d61d95b07c159a7 Термобелье NordKapp Tapio арт. 565B (размер M) WARNING! No href founded in  Try next image
2021-01-26 03:14:43 0009962819162f681d61d95b07c159a7 Термобелье NordKapp Tapio арт. 565B (размер M) WARNING! No href founded in  Try next image
2021-01-26 03:14:43 0009962819162f681d61d95b07c159a7 Термобелье NordKapp Tapio арт. 565B (размер M) WARNING! No href founded in  Try next image
2021-01-26 03:14:43 0009962819162f681d61d95b07c159a7 Термобелье NordKapp Tapio арт. 565B (размер M) WARNING! No href founded in  Try next image
2021-01-26 03:14:43 0009962819162f681d61d95b07c159a7 Термобелье NordKapp Tapio арт. 565B (размер M) WARNING! No href founded in  Try next image
2021-01-26 03:14:43 0009962819162f681d61d95b07c159a7 Термобелье NordKapp Tapio арт. 565B (размер M) WARNING! No href founded in  Try next image
2021-01-26 03:14:43 0009962819162f681d61d95b07c159a7 Термобелье NordKapp Tapio арт. 565B (размер M) WARNING! No href founded in  Try next image
2021-01-26 03:14:43 0009962819162f681d61d95b07c159a7 Термобелье NordKapp Tapio арт. 565B (размер M) WARNING! No Image founded for query Термобелье NordKapp Tapio арт. 565B (размер M)
2021-01-26 03:14:43 00101e865b37c2d80809b8cf53b0b152 Костюм Антигнус детский тк. Смесовая цв. Лес (размер 36-38/134-140) WARNING! No href founded in  Try next image
2021-01-26 03:14:43 00101e865b37c2d80809b8cf53b0b152 Костюм Антигнус детский тк. Смесовая цв. Лес (размер 36-38/134-140) WARNING! No href founded in  Try next image
2021-01-26 03:14:43 00101e865b37c2d80809b8cf53b0b152 Костюм Антигнус детский тк. Смесовая цв. Лес (размер 36-38/134-140) WARNING! No href founded in  Try next image
2021-01-26 03:14:43 00101e865b37c2d80809b8cf53b0b152 Костюм Антигнус детский тк. Смесовая цв. Лес (размер 36-38/134-140) WARNING! No href founded in  Try next image
2021-01-26 03:14:43 00101e865b37c2d80809b8cf53b0b152 Костюм Антигнус детский тк. Смесовая цв. Лес (размер 36-38/134-140) WARNING! No href founded in  Try next image
2021-01-26 03:14:43 00101e865b37c2d80809b8cf53b0b152 Костюм Антигнус детский тк. Смесовая цв. Лес (размер 36-38/134-140) WARNING! No href founded in  Try next image
2021-01-26 03:14:43 00101e865b37c2d80809b8cf53b0b152 Костюм Антигнус детский тк. Смесовая цв. Лес (размер 36-38/134-140) WARNING! No href founded in  Try next image
2021-01-26 03:14:43 00101e865b37c2d80809b8cf53b0b152 Костюм Антигнус детский тк. Смесовая цв. Лес (размер 36-38/134-140) WARNING! No href founded in  Try next image
2021-01-26 03:14:43 00101e865b37c2d80809b8cf53b0b152 Костюм Антигнус детский тк. Смесовая цв. Лес (размер 36-38/134-140) WARNING! No href founded in  Try next image
2021-01-26 03:14:43 00101e865b37c2d80809b8cf53b0b152 Костюм Антигнус детский тк. Смесовая цв. Лес (размер 36-38/134-140) WARNING! No Image founded for query Костюм Антигнус детский тк. Смесовая цв. Лес (размер 36-38/134-140)
2021-01-26 03:14:44 001262bb7eee1abc5423d29192cd5cc3 Леска SALMO SPECIALIST SPIN 150м. 0,32мм. WARNING! No href founded in  Try next image
2021-01-26 03:14:44 001262bb7eee1abc5423d29192cd5cc3 Леска SALMO SPECIALIST SPIN 150м. 0,32мм. WARNING! No href founded in  Try next image
2021-01-26 03:14:44 001262bb7eee1abc5423d29192cd5cc3 Леска SALMO SPECIALIST SPIN 150м. 0,32мм. WARNING! No href founded in  Try next image
2021-01-26 03:14:44 001262bb7eee1abc5423d29192cd5cc3 Леска SALMO SPECIALIST SPIN 150м. 0,32мм. WARNING! No href founded in  Try next image
2021-01-26 03:14:44 001262bb7eee1abc5423d29192cd5cc3 Леска SALMO SPECIALIST SPIN 150м. 0,32мм. WARNING! No href founded in  Try next image
2021-01-26 03:14:44 001262bb7eee1abc5423d29192cd5cc3 Леска SALMO SPECIALIST SPIN 150м. 0,32мм. WARNING! No href founded in  Try next image
2021-01-26 03:14:44 001262bb7eee1abc5423d29192cd5cc3 Леска SALMO SPECIALIST SPIN 150м. 0,32мм. WARNING! No href founded in  Try next image
2021-01-26 03:14:44 001262bb7eee1abc5423d29192cd5cc3 Леска SALMO SPECIALIST SPIN 150м. 0,32мм. WARNING! No href founded in  Try next image
2021-01-26 03:14:44 001262bb7eee1abc5423d29192cd5cc3 Леска SALMO SPECIALIST SPIN 150м. 0,32мм. WARNING! No href founded in  Try next image
2021-01-26 03:14:44 001262bb7eee1abc5423d29192cd5cc3 Леска SALMO SPECIALIST SPIN 150м. 0,32мм. WARNING! No Image founded for query Леска SALMO SPECIALIST SPIN 150м. 0,32мм.
2021-01-26 03:14:44 001cba47999ca6b11ae219fcc26a54c2 Сапоги рыбацкие НАЗИЯ ЭВА с чул. триплекс арт. С095 (размер 46) WARNING! No Image founded for query Сапоги рыбацкие НАЗИЯ ЭВА с чул. триплекс арт. С095 (размер 46)
2021-01-26 03:14:45 00264d0fa57d7e00cb3e8a0220abdc3e Патронташ откр. капрон. с газырями и ремнем нат. кожа а.П-46 WARNING! No Image founded for query Патронташ откр. капрон. с газырями и ремнем нат. кожа а.П-46
2021-01-26 03:14:45 002a90d6b35f38812a517e5ff3296c6a Костюм ХОЛЬСТЕР из сукна Вепрь (размер 60-62/170-176) WARNING! No href founded in  Try next image
2021-01-26 03:14:45 002a90d6b35f38812a517e5ff3296c6a Костюм ХОЛЬСТЕР из сукна Вепрь (размер 60-62/170-176) WARNING! No href founded in  Try next image
2021-01-26 03:14:45 002a90d6b35f38812a517e5ff3296c6a Костюм ХОЛЬСТЕР из сукна Вепрь (размер 60-62/170-176) WARNING! No href founded in  Try next image
2021-01-26 03:14:45 002a90d6b35f38812a517e5ff3296c6a Костюм ХОЛЬСТЕР из сукна Вепрь (размер 60-62/170-176) WARNING! No href founded in  Try next image
2021-01-26 03:14:45 002a90d6b35f38812a517e5ff3296c6a Костюм ХОЛЬСТЕР из сукна Вепрь (размер 60-62/170-176) WARNING! No href founded in  Try next image
2021-01-26 03:14:45 002a90d6b35f38812a517e5ff3296c6a Костюм ХОЛЬСТЕР из сукна Вепрь (размер 60-62/170-176) WARNING! No href founded in  Try next image
2021-01-26 03:14:45 002a90d6b35f38812a517e5ff3296c6a Костюм ХОЛЬСТЕР из сукна Вепрь (размер 60-62/170-176) WARNING! No href founded in  Try next image
2021-01-26 03:14:45 002a90d6b35f38812a517e5ff3296c6a Костюм ХОЛЬСТЕР из сукна Вепрь (размер 60-62/170-176) WARNING! No href founded in  Try next image
2021-01-26 03:14:45 002a90d6b35f38812a517e5ff3296c6a Костюм ХОЛЬСТЕР из сукна Вепрь (размер 60-62/170-176) WARNING! No href founded in  Try next image
2021-01-26 03:14:45 002a90d6b35f38812a517e5ff3296c6a Костюм ХОЛЬСТЕР из сукна Вепрь (размер 60-62/170-176) WARNING! No Image founded for query Костюм ХОЛЬСТЕР из сукна Вепрь (размер 60-62/170-176)
2021-01-26 03:14:46 003072b2e26552ba1e342d94284491cf Чехол штормовой на рюкзак XS WARNING! No href founded in  Try next image
2021-01-26 03:14:46 003072b2e26552ba1e342d94284491cf Чехол штормовой на рюкзак XS WARNING! No href founded in  Try next image
2021-01-26 03:14:46 003072b2e26552ba1e342d94284491cf Чехол штормовой на рюкзак XS WARNING! No href founded in  Try next image
2021-01-26 03:14:46 003072b2e26552ba1e342d94284491cf Чехол штормовой на рюкзак XS WARNING! No href founded in  Try next image
2021-01-26 03:14:46 003072b2e26552ba1e342d94284491cf Чехол штормовой на рюкзак XS WARNING! No href founded in  Try next image
2021-01-26 03:14:46 003072b2e26552ba1e342d94284491cf Чехол штормовой на рюкзак XS WARNING! No href founded in  Try next image
2021-01-26 03:14:46 003072b2e26552ba1e342d94284491cf Чехол штормовой на рюкзак XS WARNING! No href founded in  Try next image
2021-01-26 03:14:46 003072b2e26552ba1e342d94284491cf Чехол штормовой на рюкзак XS WARNING! No href founded in  Try next image
2021-01-26 03:14:46 003072b2e26552ba1e342d94284491cf Чехол штормовой на рюкзак XS WARNING! No href founded in  Try next image
2021-01-26 03:14:46 003072b2e26552ba1e342d94284491cf Чехол штормовой на рюкзак XS WARNING! No Image founded for query Чехол штормовой на рюкзак XS
2021-01-26 03:14:46 00370b7eacc9ae7ae370f50e4e542b67 Пуля пневм. \"JSB Exact RS\" 4.52мм. 0,475гр. 500шт. WARNING! No href founded in  Try next image
2021-01-26 03:14:46 00370b7eacc9ae7ae370f50e4e542b67 Пуля пневм. \"JSB Exact RS\" 4.52мм. 0,475гр. 500шт. WARNING! No href founded in  Try next image
2021-01-26 03:14:46 00370b7eacc9ae7ae370f50e4e542b67 Пуля пневм. \"JSB Exact RS\" 4.52мм. 0,475гр. 500шт. WARNING! No href founded in  Try next image
2021-01-26 03:14:46 00370b7eacc9ae7ae370f50e4e542b67 Пуля пневм. \"JSB Exact RS\" 4.52мм. 0,475гр. 500шт. WARNING! No href founded in  Try next image
2021-01-26 03:14:46 00370b7eacc9ae7ae370f50e4e542b67 Пуля пневм. \"JSB Exact RS\" 4.52мм. 0,475гр. 500шт. WARNING! No href founded in  Try next image
2021-01-26 03:14:46 00370b7eacc9ae7ae370f50e4e542b67 Пуля пневм. \"JSB Exact RS\" 4.52мм. 0,475гр. 500шт. WARNING! No href founded in  Try next image
2021-01-26 03:14:46 00370b7eacc9ae7ae370f50e4e542b67 Пуля пневм. \"JSB Exact RS\" 4.52мм. 0,475гр. 500шт. WARNING! No href founded in  Try next image
2021-01-26 03:14:46 00370b7eacc9ae7ae370f50e4e542b67 Пуля пневм. \"JSB Exact RS\" 4.52мм. 0,475гр. 500шт. WARNING! No href founded in  Try next image
2021-01-26 03:14:46 00370b7eacc9ae7ae370f50e4e542b67 Пуля пневм. \"JSB Exact RS\" 4.52мм. 0,475гр. 500шт. WARNING! No href founded in  Try next image
2021-01-26 03:14:46 00370b7eacc9ae7ae370f50e4e542b67 Пуля пневм. \"JSB Exact RS\" 4.52мм. 0,475гр. 500шт. WARNING! No Image founded for query Пуля пневм. JSB Exact RS 4.52мм. 0,475гр. 500шт.
2021-01-26 03:14:47 003cd2e783d9775cbfa359ee5c432d40 0.8873 WARNING! No href founded in  Try next image
2021-01-26 03:14:47 003cd2e783d9775cbfa359ee5c432d40 0.8873 WARNING! No href founded in  Try next image
2021-01-26 03:14:47 003cd2e783d9775cbfa359ee5c432d40 0.8873 WARNING! No href founded in  Try next image
2021-01-26 03:14:47 003cd2e783d9775cbfa359ee5c432d40 0.8873 WARNING! No href founded in  Try next image
2021-01-26 03:14:47 003cd2e783d9775cbfa359ee5c432d40 0.8873 WARNING! No href founded in  Try next image
2021-01-26 03:14:47 003cd2e783d9775cbfa359ee5c432d40 0.8873 WARNING! No href founded in  Try next image
2021-01-26 03:14:47 003cd2e783d9775cbfa359ee5c432d40 0.8873 WARNING! No href founded in  Try next image
2021-01-26 03:14:47 003cd2e783d9775cbfa359ee5c432d40 0.8873 WARNING! No href founded in  Try next image
2021-01-26 03:14:47 003cd2e783d9775cbfa359ee5c432d40 0.8873 WARNING! No href founded in  Try next image
2021-01-26 03:14:47 003cd2e783d9775cbfa359ee5c432d40 0.8873 WARNING! No Image founded for query 0.8873
